# JRE version: OpenJDK Runtime Environment Temurin-21.0.11+10 (21.0.11+10) (build 21.0.11+10-LTS)
# Java VM: OpenJDK 64-Bit Server VM Temurin-21.0.11+10 (21.0.11+10-LTS, mixed mode, sharing, tiered, compressed oops, compressed class ptrs, parallel gc, windows-amd64)
GC Precious Log:
 CardTable entry size: 512
 CPUs: 8 total, 8 available
 Memory: 5965M
 Large Page Support: Disabled
 NUMA Support: Disabled
 Compressed Oops: Enabled (32-bit)
 Alignments: Space 512K, Generation 512K, Heap 2M
 Heap Min Capacity: 100M
 Heap Initial Capacity: 100M
 Heap Max Capacity: 2G
 Pre-touch: Disabled
 Parallel Workers: 8
Heap:
 PSYoungGen      total 2048K, used 1543K [0x00000000d5580000, 0x00000000d5880000, 0x0000000100000000)
  eden space 1536K, 72% used [0x00000000d5580000,0x00000000d5695f60,0x00000000d5700000)
  from space 512K, 84% used [0x00000000d5800000,0x00000000d586c010,0x00000000d5880000)
  to   space 512K, 0% used [0x00000000d5780000,0x00000000d5780000,0x00000000d5800000)
 ParOldGen       total 1356288K, used 1356106K [0x0000000080000000, 0x00000000d2c80000, 0x00000000d5580000)
  object space 1356288K, 99% used [0x0000000080000000,0x00000000d2c529e8,0x00000000d2c80000)
 Metaspace       used 91182K, committed 92864K, reserved 1179648K
  class space    used 8980K, committed 9792K, reserved 1048576K
GC Heap History (20 events):
Event: 4928.199 GC heap before
{Heap before GC invocations=4778 (full 6):
 PSYoungGen      total 2560K, used 2239K [0x00000000d5580000, 0x00000000d5880000, 0x0000000100000000)
  eden space 2048K, 99% used [0x00000000d5580000,0x00000000d577ffc0,0x00000000d5780000)
  from space 512K, 37% used [0x00000000d5800000,0x00000000d5830000,0x00000000d5880000)
  to   space 512K, 0% used [0x00000000d5780000,0x00000000d5780000,0x00000000d5800000)
 ParOldGen       total 1354752K, used 1354456K [0x0000000080000000, 0x00000000d2b00000, 0x00000000d5580000)
  object space 1354752K, 99% used [0x0000000080000000,0x00000000d2ab60a8,0x00000000d2b00000)
 Metaspace       used 91131K, committed 92864K, reserved 1179648K
  class space    used 8979K, committed 9792K, reserved 1048576K
}
Event: 4928.203 GC heap after
{Heap after GC invocations=4778 (full 6):
 PSYoungGen      total 2560K, used 384K [0x00000000d5580000, 0x00000000d5880000, 0x0000000100000000)
  eden space 2048K, 0% used [0x00000000d5580000,0x00000000d5580000,0x00000000d5780000)
  from space 512K, 75% used [0x00000000d5780000,0x00000000d57e0000,0x00000000d5800000)
  to   space 512K, 0% used [0x00000000d5800000,0x00000000d5800000,0x00000000d5880000)
 ParOldGen       total 1354752K, used 1354464K [0x0000000080000000, 0x00000000d2b00000, 0x00000000d5580000)
  object space 1354752K, 99% used [0x0000000080000000,0x00000000d2ab80a8,0x00000000d2b00000)
 Metaspace       used 91131K, committed 92864K, reserved 1179648K
  class space    used 8979K, committed 9792K, reserved 1048576K
}
Event: 4928.236 GC heap before
{Heap before GC invocations=4779 (full 6):
 PSYoungGen      total 2560K, used 2431K [0x00000000d5580000, 0x00000000d5880000, 0x0000000100000000)
  eden space 2048K, 99% used [0x00000000d5580000,0x00000000d577fff0,0x00000000d5780000)
  from space 512K, 75% used [0x00000000d5780000,0x00000000d57e0000,0x00000000d5800000)
  to   space 512K, 0% used [0x00000000d5800000,0x00000000d5800000,0x00000000d5880000)
 ParOldGen       total 1354752K, used 1354464K [0x0000000080000000, 0x00000000d2b00000, 0x00000000d5580000)
  object space 1354752K, 99% used [0x0000000080000000,0x00000000d2ab80a8,0x00000000d2b00000)
 Metaspace       used 91131K, committed 92864K, reserved 1179648K
  class space    used 8979K, committed 9792K, reserved 1048576K
}
Event: 4928.241 GC heap after
{Heap after GC invocations=4779 (full 6):
 PSYoungGen      total 2048K, used 512K [0x00000000d5580000, 0x00000000d5980000, 0x0000000100000000)
  eden space 1536K, 0% used [0x00000000d5580000,0x00000000d5580000,0x00000000d5700000)
  from space 512K, 100% used [0x00000000d5800000,0x00000000d5880000,0x00000000d5880000)
  to   space 1024K, 0% used [0x00000000d5700000,0x00000000d5700000,0x00000000d5800000)
 ParOldGen       total 1354752K, used 1354541K [0x0000000080000000, 0x00000000d2b00000, 0x00000000d5580000)
  object space 1354752K, 99% used [0x0000000080000000,0x00000000d2acb528,0x00000000d2b00000)
 Metaspace       used 91131K, committed 92864K, reserved 1179648K
  class space    used 8979K, committed 9792K, reserved 1048576K
}
Event: 4928.497 GC heap before
{Heap before GC invocations=4780 (full 6):
 PSYoungGen      total 2048K, used 2047K [0x00000000d5580000, 0x00000000d5980000, 0x0000000100000000)
  eden space 1536K, 99% used [0x00000000d5580000,0x00000000d56ffff8,0x00000000d5700000)
  from space 512K, 100% used [0x00000000d5800000,0x00000000d5880000,0x00000000d5880000)
  to   space 1024K, 0% used [0x00000000d5700000,0x00000000d5700000,0x00000000d5800000)
 ParOldGen       total 1354752K, used 1354541K [0x0000000080000000, 0x00000000d2b00000, 0x00000000d5580000)
  object space 1354752K, 99% used [0x0000000080000000,0x00000000d2acb528,0x00000000d2b00000)
 Metaspace       used 91131K, committed 92864K, reserved 1179648K
  class space    used 8979K, committed 9792K, reserved 1048576K
}
Event: 4928.505 GC heap after
{Heap after GC invocations=4780 (full 6):
 PSYoungGen      total 2560K, used 384K [0x00000000d5580000, 0x00000000d5880000, 0x0000000100000000)
  eden space 1536K, 0% used [0x00000000d5580000,0x00000000d5580000,0x00000000d5700000)
  from space 1024K, 37% used [0x00000000d5700000,0x00000000d5760000,0x00000000d5800000)
  to   space 512K, 0% used [0x00000000d5800000,0x00000000d5800000,0x00000000d5880000)
 ParOldGen       total 1355264K, used 1355021K [0x0000000080000000, 0x00000000d2b80000, 0x00000000d5580000)
  object space 1355264K, 99% used [0x0000000080000000,0x00000000d2b43538,0x00000000d2b80000)
 Metaspace       used 91131K, committed 92864K, reserved 1179648K
  class space    used 8979K, committed 9792K, reserved 1048576K
}
Event: 4928.648 GC heap before
{Heap before GC invocations=4781 (full 6):
 PSYoungGen      total 2560K, used 1920K [0x00000000d5580000, 0x00000000d5880000, 0x0000000100000000)
  eden space 1536K, 100% used [0x00000000d5580000,0x00000000d5700000,0x00000000d5700000)
  from space 1024K, 37% used [0x00000000d5700000,0x00000000d5760000,0x00000000d5800000)
  to   space 512K, 0% used [0x00000000d5800000,0x00000000d5800000,0x00000000d5880000)
 ParOldGen       total 1355264K, used 1355021K [0x0000000080000000, 0x00000000d2b80000, 0x00000000d5580000)
  object space 1355264K, 99% used [0x0000000080000000,0x00000000d2b43538,0x00000000d2b80000)
 Metaspace       used 91131K, committed 92864K, reserved 1179648K
  class space    used 8979K, committed 9792K, reserved 1048576K
}
Event: 4928.652 GC heap after
{Heap after GC invocations=4781 (full 6):
 PSYoungGen      total 2048K, used 512K [0x00000000d5580000, 0x00000000d5900000, 0x0000000100000000)
  eden space 1536K, 0% used [0x00000000d5580000,0x00000000d5580000,0x00000000d5700000)
  from space 512K, 100% used [0x00000000d5800000,0x00000000d5880000,0x00000000d5880000)
  to   space 1024K, 0% used [0x00000000d5700000,0x00000000d5700000,0x00000000d5800000)
 ParOldGen       total 1355264K, used 1355245K [0x0000000080000000, 0x00000000d2b80000, 0x00000000d5580000)
  object space 1355264K, 99% used [0x0000000080000000,0x00000000d2b7b538,0x00000000d2b80000)
 Metaspace       used 91131K, committed 92864K, reserved 1179648K
  class space    used 8979K, committed 9792K, reserved 1048576K
}
Event: 4928.660 GC heap before
{Heap before GC invocations=4782 (full 6):
 PSYoungGen      total 2048K, used 2048K [0x00000000d5580000, 0x00000000d5900000, 0x0000000100000000)
  eden space 1536K, 100% used [0x00000000d5580000,0x00000000d5700000,0x00000000d5700000)
  from space 512K, 100% used [0x00000000d5800000,0x00000000d5880000,0x00000000d5880000)
  to   space 1024K, 0% used [0x00000000d5700000,0x00000000d5700000,0x00000000d5800000)
 ParOldGen       total 1355264K, used 1355245K [0x0000000080000000, 0x00000000d2b80000, 0x00000000d5580000)
  object space 1355264K, 99% used [0x0000000080000000,0x00000000d2b7b538,0x00000000d2b80000)
 Metaspace       used 91131K, committed 92864K, reserved 1179648K
  class space    used 8979K, committed 9792K, reserved 1048576K
}
Event: 4928.665 GC heap after
{Heap after GC invocations=4782 (full 6):
 PSYoungGen      total 2560K, used 512K [0x00000000d5580000, 0x00000000d5900000, 0x0000000100000000)
  eden space 1536K, 0% used [0x00000000d5580000,0x00000000d5580000,0x00000000d5700000)
  from space 1024K, 50% used [0x00000000d5700000,0x00000000d5780000,0x00000000d5800000)
  to   space 1024K, 0% used [0x00000000d5800000,0x00000000d5800000,0x00000000d5900000)
 ParOldGen       total 1355776K, used 1355301K [0x0000000080000000, 0x00000000d2c00000, 0x00000000d5580000)
  object space 1355776K, 99% used [0x0000000080000000,0x00000000d2b89538,0x00000000d2c00000)
 Metaspace       used 91131K, committed 92864K, reserved 1179648K
  class space    used 8979K, committed 9792K, reserved 1048576K
}
Event: 4929.479 GC heap before
{Heap before GC invocations=4783 (full 6):
 PSYoungGen      total 2560K, used 2048K [0x00000000d5580000, 0x00000000d5900000, 0x0000000100000000)
  eden space 1536K, 100% used [0x00000000d5580000,0x00000000d5700000,0x00000000d5700000)
  from space 1024K, 50% used [0x00000000d5700000,0x00000000d5780000,0x00000000d5800000)
  to   space 1024K, 0% used [0x00000000d5800000,0x00000000d5800000,0x00000000d5900000)
 ParOldGen       total 1355776K, used 1355301K [0x0000000080000000, 0x00000000d2c00000, 0x00000000d5580000)
  object space 1355776K, 99% used [0x0000000080000000,0x00000000d2b89538,0x00000000d2c00000)
 Metaspace       used 91146K, committed 92864K, reserved 1179648K
  class space    used 8979K, committed 9792K, reserved 1048576K
}
Event: 4929.481 GC heap after
{Heap after GC invocations=4783 (full 6):
 PSYoungGen      total 2048K, used 288K [0x00000000d5580000, 0x00000000d5880000, 0x0000000100000000)
  eden space 1536K, 0% used [0x00000000d5580000,0x00000000d5580000,0x00000000d5700000)
  from space 512K, 56% used [0x00000000d5800000,0x00000000d5848000,0x00000000d5880000)
  to   space 512K, 0% used [0x00000000d5780000,0x00000000d5780000,0x00000000d5800000)
 ParOldGen       total 1355776K, used 1355325K [0x0000000080000000, 0x00000000d2c00000, 0x00000000d5580000)
  object space 1355776K, 99% used [0x0000000080000000,0x00000000d2b8f538,0x00000000d2c00000)
 Metaspace       used 91146K, committed 92864K, reserved 1179648K
  class space    used 8979K, committed 9792K, reserved 1048576K
}
Event: 4929.536 GC heap before
{Heap before GC invocations=4784 (full 6):
 PSYoungGen      total 2048K, used 1822K [0x00000000d5580000, 0x00000000d5880000, 0x0000000100000000)
  eden space 1536K, 99% used [0x00000000d5580000,0x00000000d56ffb18,0x00000000d5700000)
  from space 512K, 56% used [0x00000000d5800000,0x00000000d5848000,0x00000000d5880000)
  to   space 512K, 0% used [0x00000000d5780000,0x00000000d5780000,0x00000000d5800000)
 ParOldGen       total 1355776K, used 1355325K [0x0000000080000000, 0x00000000d2c00000, 0x00000000d5580000)
  object space 1355776K, 99% used [0x0000000080000000,0x00000000d2b8f538,0x00000000d2c00000)
 Metaspace       used 91146K, committed 92864K, reserved 1179648K
  class space    used 8979K, committed 9792K, reserved 1048576K
}
Event: 4929.541 GC heap after
{Heap after GC invocations=4784 (full 6):
 PSYoungGen      total 2048K, used 512K [0x00000000d5580000, 0x00000000d5900000, 0x0000000100000000)
  eden space 1536K, 0% used [0x00000000d5580000,0x00000000d5580000,0x00000000d5700000)
  from space 512K, 100% used [0x00000000d5780000,0x00000000d5800000,0x00000000d5800000)
  to   space 1024K, 0% used [0x00000000d5800000,0x00000000d5800000,0x00000000d5900000)
 ParOldGen       total 1355776K, used 1355477K [0x0000000080000000, 0x00000000d2c00000, 0x00000000d5580000)
  object space 1355776K, 99% used [0x0000000080000000,0x00000000d2bb5548,0x00000000d2c00000)
 Metaspace       used 91146K, committed 92864K, reserved 1179648K
  class space    used 8979K, committed 9792K, reserved 1048576K
}
Event: 4929.758 GC heap before
{Heap before GC invocations=4785 (full 6):
 PSYoungGen      total 2048K, used 2048K [0x00000000d5580000, 0x00000000d5900000, 0x0000000100000000)
  eden space 1536K, 100% used [0x00000000d5580000,0x00000000d5700000,0x00000000d5700000)
  from space 512K, 100% used [0x00000000d5780000,0x00000000d5800000,0x00000000d5800000)
  to   space 1024K, 0% used [0x00000000d5800000,0x00000000d5800000,0x00000000d5900000)
 ParOldGen       total 1355776K, used 1355477K [0x0000000080000000, 0x00000000d2c00000, 0x00000000d5580000)
  object space 1355776K, 99% used [0x0000000080000000,0x00000000d2bb5548,0x00000000d2c00000)
 Metaspace       used 91151K, committed 92864K, reserved 1179648K
  class space    used 8980K, committed 9792K, reserved 1048576K
}
Event: 4929.763 GC heap after
{Heap after GC invocations=4785 (full 6):
 PSYoungGen      total 2048K, used 352K [0x00000000d5580000, 0x00000000d5880000, 0x0000000100000000)
  eden space 1536K, 0% used [0x00000000d5580000,0x00000000d5580000,0x00000000d5700000)
  from space 512K, 68% used [0x00000000d5800000,0x00000000d5858020,0x00000000d5880000)
  to   space 512K, 0% used [0x00000000d5780000,0x00000000d5780000,0x00000000d5800000)
 ParOldGen       total 1356288K, used 1355874K [0x0000000080000000, 0x00000000d2c80000, 0x00000000d5580000)
  object space 1356288K, 99% used [0x0000000080000000,0x00000000d2c189c8,0x00000000d2c80000)
 Metaspace       used 91151K, committed 92864K, reserved 1179648K
  class space    used 8980K, committed 9792K, reserved 1048576K
}
Event: 4929.953 GC heap before
{Heap before GC invocations=4786 (full 6):
 PSYoungGen      total 2048K, used 1888K [0x00000000d5580000, 0x00000000d5880000, 0x0000000100000000)
  eden space 1536K, 100% used [0x00000000d5580000,0x00000000d5700000,0x00000000d5700000)
  from space 512K, 68% used [0x00000000d5800000,0x00000000d5858020,0x00000000d5880000)
  to   space 512K, 0% used [0x00000000d5780000,0x00000000d5780000,0x00000000d5800000)
 ParOldGen       total 1356288K, used 1355874K [0x0000000080000000, 0x00000000d2c80000, 0x00000000d5580000)
  object space 1356288K, 99% used [0x0000000080000000,0x00000000d2c189c8,0x00000000d2c80000)
 Metaspace       used 91151K, committed 92864K, reserved 1179648K
  class space    used 8980K, committed 9792K, reserved 1048576K
}
Event: 4929.956 GC heap after
{Heap after GC invocations=4786 (full 6):
 PSYoungGen      total 2048K, used 336K [0x00000000d5580000, 0x00000000d5880000, 0x0000000100000000)
  eden space 1536K, 0% used [0x00000000d5580000,0x00000000d5580000,0x00000000d5700000)
  from space 512K, 65% used [0x00000000d5780000,0x00000000d57d4010,0x00000000d5800000)
  to   space 512K, 0% used [0x00000000d5800000,0x00000000d5800000,0x00000000d5880000)
 ParOldGen       total 1356288K, used 1356042K [0x0000000080000000, 0x00000000d2c80000, 0x00000000d5580000)
  object space 1356288K, 99% used [0x0000000080000000,0x00000000d2c429e8,0x00000000d2c80000)
 Metaspace       used 91151K, committed 92864K, reserved 1179648K
  class space    used 8980K, committed 9792K, reserved 1048576K
}
Event: 4929.964 GC heap before
{Heap before GC invocations=4787 (full 6):
 PSYoungGen      total 2048K, used 1872K [0x00000000d5580000, 0x00000000d5880000, 0x0000000100000000)
  eden space 1536K, 100% used [0x00000000d5580000,0x00000000d5700000,0x00000000d5700000)
  from space 512K, 65% used [0x00000000d5780000,0x00000000d57d4010,0x00000000d5800000)
  to   space 512K, 0% used [0x00000000d5800000,0x00000000d5800000,0x00000000d5880000)
 ParOldGen       total 1356288K, used 1356042K [0x0000000080000000, 0x00000000d2c80000, 0x00000000d5580000)
  object space 1356288K, 99% used [0x0000000080000000,0x00000000d2c429e8,0x00000000d2c80000)
 Metaspace       used 91151K, committed 92864K, reserved 1179648K
  class space    used 8980K, committed 9792K, reserved 1048576K
}
Event: 4929.970 GC heap after
{Heap after GC invocations=4787 (full 6):
 PSYoungGen      total 2048K, used 432K [0x00000000d5580000, 0x00000000d5880000, 0x0000000100000000)
  eden space 1536K, 0% used [0x00000000d5580000,0x00000000d5580000,0x00000000d5700000)
  from space 512K, 84% used [0x00000000d5800000,0x00000000d586c010,0x00000000d5880000)
  to   space 512K, 0% used [0x00000000d5780000,0x00000000d5780000,0x00000000d5800000)
 ParOldGen       total 1356288K, used 1356106K [0x0000000080000000, 0x00000000d2c80000, 0x00000000d5580000)
  object space 1356288K, 99% used [0x0000000080000000,0x00000000d2c529e8,0x00000000d2c80000)
 Metaspace       used 91151K, committed 92864K, reserved 1179648K
  class space    used 8980K, committed 9792K, reserved 1048576K
}

